wwubricks/app/build/intermediates/manifest_merge_blame_file/debug/manifest-merger-blame-debug-report.txt
1<?xml version="1.0" encoding="utf-8"?>
2<manifest xmlns:android="http://schemas.android.com/apk/res/android"
3    package="com.example.wwubricks"
4    android:versionCode="1"
5    android:versionName="1.0" >
6
7    <uses-sdk
8        android:minSdkVersion="21"
8-->src/main/AndroidManifest.xml
9        android:targetSdkVersion="30" />
9-->src/main/AndroidManifest.xml
10
11    <uses-permission android:name="android.permission.INTERNET" />
11-->src/main/AndroidManifest.xml:4:5-66
11-->src/main/AndroidManifest.xml:4:22-64
12    <uses-permission android:name="android.permission.CAMERA" />
12-->src/main/AndroidManifest.xml:5:5-64
12-->src/main/AndroidManifest.xml:5:22-62
13
14    <application
14-->src/main/AndroidManifest.xml:7:5-24:19
15        android:allowBackup="true"
15-->src/main/AndroidManifest.xml:8:9-35
16        android:appComponentFactory="androidx.core.app.CoreComponentFactory"
16-->[androidx.core:core:1.3.2] AndroidManifest.xml:24:18-86
17        android:debuggable="true"
18        android:icon="@drawable/brick"
18-->src/main/AndroidManifest.xml:9:9-39
19        android:label="@string/app_name"
19-->src/main/AndroidManifest.xml:10:9-41
20        android:roundIcon="@mipmap/ic_launcher_round"
20-->src/main/AndroidManifest.xml:13:9-54
21        android:supportsRtl="true"
21-->src/main/AndroidManifest.xml:14:9-35
22        android:testOnly="true"
23        android:theme="@style/Theme.WWUBricks"
23-->src/main/AndroidManifest.xml:15:9-47
24        android:usesCleartextTraffic="true" >
24-->src/main/AndroidManifest.xml:11:9-44
25        <activity android:name="com.example.wwubricks.MainActivity2" />
25-->src/main/AndroidManifest.xml:16:9-50
25-->src/main/AndroidManifest.xml:16:19-48
26        <activity android:name="com.example.wwubricks.MainActivity" >
26-->src/main/AndroidManifest.xml:17:9-23:20
26-->src/main/AndroidManifest.xml:17:19-47
27            <intent-filter>
27-->src/main/AndroidManifest.xml:18:13-22:29
28                <action android:name="android.intent.action.MAIN" />
28-->src/main/AndroidManifest.xml:19:17-69
28-->src/main/AndroidManifest.xml:19:25-66
29
30                <category android:name="android.intent.category.LAUNCHER" />
30-->src/main/AndroidManifest.xml:21:17-77
30-->src/main/AndroidManifest.xml:21:27-74
31            </intent-filter>
32        </activity>
33    </application>
34
35</manifest>